arch[x86_64]:ffw3.samples[0] = 0
arch[x86_64]:ffw3.samples[1] = 0.9238795
arch[x86_64]:ffw3.samples[2] = 0.70710677
arch[x86_64]:ffw3.samples[3] = -0.38268343
arch[x86_64]:ffw3.samples[4] = -1
arch[x86_64]:ffw3.samples[5] = -0.38268343
arch[x86_64]:ffw3.samples[6] = 0.70710677
arch[x86_64]:ffw3.samples[7] = 0.9238793
arch[x86_64]:ffw3.samples[8] = -0.000000023849761
arch[x86_64]:ffw3.samples[9] = -0.9238794
arch[x86_64]:ffw3.samples[10] = -0.70710677
arch[x86_64]:ffw3.samples[11] = 0.3826839
arch[x86_64]:ffw3.samples[12] = 1
arch[x86_64]:ffw3.samples[13] = 0.38268384
arch[x86_64]:ffw3.samples[14] = -0.7071075
arch[x86_64]:ffw3.samples[15] = -0.9238793
arch[x86_64]:ffw3.spectrum[0] = 0.0000002741735+0i
arch[x86_64]:ffw3.spectrum[1] = -0.00000024349384+0.0000005364418i
arch[x86_64]:ffw3.spectrum[2] = -0.00000057175873-0.0000008416963i
arch[x86_64]:ffw3.spectrum[3] = 0.00000070842583-8i
arch[x86_64]:ffw3.spectrum[4] = 0.000000691406-0.000000059604645i
arch[x86_64]:ffw3.spectrum[5] = 0.00000035079796+0.00000071525574i
arch[x86_64]:ffw3.spectrum[6] = 0.00000052405926+0.00000058881517i
arch[x86_64]:ffw3.spectrum[7] = -0.000000720331+0.0000014901161i
arch[x86_64]:ffw3.spectrum[8] = -0.0000017523844+0i
arch[x86_64]:ffw3.amplitudes[0] = 0
arch[x86_64]:ffw3.amplitudes[1] = 0
arch[x86_64]:ffw3.amplitudes[2] = 0
arch[x86_64]:ffw3.amplitudes[3] = 8
arch[x86_64]:ffw3.amplitudes[4] = 0
arch[x86_64]:ffw3.amplitudes[5] = 0
arch[x86_64]:ffw3.amplitudes[6] = 0
arch[x86_64]:ffw3.amplitudes[7] = 0
arch[x86_64]:ffw3.amplitudes[8] = 0
arch[x86_64]:microfft.samples[0] = 0
arch[x86_64]:microfft.samples[1] = 0.9238795
arch[x86_64]:microfft.samples[2] = 0.70710677
arch[x86_64]:microfft.samples[3] = -0.38268343
arch[x86_64]:microfft.samples[4] = -1
arch[x86_64]:microfft.samples[5] = -0.38268343
arch[x86_64]:microfft.samples[6] = 0.70710677
arch[x86_64]:microfft.samples[7] = 0.9238793
arch[x86_64]:microfft.samples[8] = -0.000000023849761
arch[x86_64]:microfft.samples[9] = -0.9238794
arch[x86_64]:microfft.samples[10] = -0.70710677
arch[x86_64]:microfft.samples[11] = 0.3826839
arch[x86_64]:microfft.samples[12] = 1
arch[x86_64]:microfft.samples[13] = 0.38268384
arch[x86_64]:microfft.samples[14] = -0.7071075
arch[x86_64]:microfft.samples[15] = -0.9238793
arch[x86_64]:microfft.amplitudes[0] = 0
arch[x86_64]:microfft.amplitudes[1] = 0
arch[x86_64]:microfft.amplitudes[2] = 0
arch[x86_64]:microfft.amplitudes[3] = 8
arch[x86_64]:microfft.amplitudes[4] = 0
arch[x86_64]:microfft.amplitudes[5] = 0
arch[x86_64]:microfft.amplitudes[6] = 0
arch[x86_64]:microfft.amplitudes[7] = 0
arch[x86_64]:realfft.samples[0] = 0
arch[x86_64]:realfft.samples[1] = 0.9238795
arch[x86_64]:realfft.samples[2] = 0.70710677
arch[x86_64]:realfft.samples[3] = -0.38268343
arch[x86_64]:realfft.samples[4] = -1
arch[x86_64]:realfft.samples[5] = -0.38268343
arch[x86_64]:realfft.samples[6] = 0.70710677
arch[x86_64]:realfft.samples[7] = 0.9238793
arch[x86_64]:realfft.samples[8] = -0.000000023849761
arch[x86_64]:realfft.samples[9] = -0.9238794
arch[x86_64]:realfft.samples[10] = -0.70710677
arch[x86_64]:realfft.samples[11] = 0.3826839
arch[x86_64]:realfft.samples[12] = 1
arch[x86_64]:realfft.samples[13] = 0.38268384
arch[x86_64]:realfft.samples[14] = -0.7071075
arch[x86_64]:realfft.samples[15] = -0.9238793
arch[x86_64]:realfft.spectrum[0] = 0.0000002741735+0i
arch[x86_64]:realfft.spectrum[1] = -0.0000003551799+0.00000052994574i
arch[x86_64]:realfft.spectrum[2] = -0.0000005717588-0.0000008416963i
arch[x86_64]:realfft.spectrum[3] = 0.0000006556511-8i
arch[x86_64]:realfft.spectrum[4] = 0.000000691406-0.000000059604645i
arch[x86_64]:realfft.spectrum[5] = 0.0000004172325+0.00000071525574i
arch[x86_64]:realfft.spectrum[6] = 0.0000005240593+0.00000058881517i
arch[x86_64]:realfft.spectrum[7] = -0.0000007177037+0.0000015134224i
arch[x86_64]:realfft.spectrum[8] = -0.0000017523844+0i
arch[x86_64]:realfft.amplitudes[0] = 0
arch[x86_64]:realfft.amplitudes[1] = 0
arch[x86_64]:realfft.amplitudes[2] = 0
arch[x86_64]:realfft.amplitudes[3] = 8
arch[x86_64]:realfft.amplitudes[4] = 0
arch[x86_64]:realfft.amplitudes[5] = 0
arch[x86_64]:realfft.amplitudes[6] = 0
arch[x86_64]:realfft.amplitudes[7] = 0
arch[x86_64]:realfft.amplitudes[8] = 0
