arch[xtensa]:hypot.abs_difference = 0.000000000
arch[xtensa]:microfft.samples[0] = 0
arch[xtensa]:microfft.samples[1] = 0.92387956
arch[xtensa]:microfft.samples[2] = 0.70710677
arch[xtensa]:microfft.samples[3] = -0.38268343
arch[xtensa]:microfft.samples[4] = -1
arch[xtensa]:microfft.samples[5] = -0.38268343
arch[xtensa]:microfft.samples[6] = 0.7071068
arch[xtensa]:microfft.samples[7] = 0.9238794
arch[xtensa]:microfft.samples[8] = -0.000000023849761
arch[xtensa]:microfft.samples[9] = -0.9238794
arch[xtensa]:microfft.samples[10] = -0.70710677
arch[xtensa]:microfft.samples[11] = 0.3826839
arch[xtensa]:microfft.samples[12] = 1
arch[xtensa]:microfft.samples[13] = 0.38268384
arch[xtensa]:microfft.samples[14] = -0.7071075
arch[xtensa]:microfft.samples[15] = -0.9238793
arch[xtensa]:microfft.spectrum[0] = 0.00000045298742+0i
arch[xtensa]:microfft.spectrum[1] = 2.0000002+1.6955194i
arch[xtensa]:microfft.spectrum[2] = -0.0000004874651+0.0000005292105i
arch[xtensa]:microfft.spectrum[3] = 2.6131258+2.6131256i
arch[xtensa]:microfft.spectrum[4] = 0.00000063180136-0.000000059604645i
arch[xtensa]:microfft.spectrum[5] = -1.0823929-5.082392i
arch[xtensa]:microfft.spectrum[6] = 0.00000043976559-0.00000078209166i
arch[xtensa]:microfft.spectrum[7] = -3.530733+2.000001i
arch[xtensa]:microfft.amplitudes[0] = 0
arch[xtensa]:microfft.amplitudes[1] = 2
arch[xtensa]:microfft.amplitudes[2] = 0
arch[xtensa]:microfft.amplitudes[3] = 3
arch[xtensa]:microfft.amplitudes[4] = 0
arch[xtensa]:microfft.amplitudes[5] = 5
arch[xtensa]:microfft.amplitudes[6] = 0
arch[xtensa]:microfft.amplitudes[7] = 4
arch[xtensa]:realfft.samples[0] = 0
arch[xtensa]:realfft.samples[1] = 0.92387956
arch[xtensa]:realfft.samples[2] = 0.70710677
arch[xtensa]:realfft.samples[3] = -0.38268343
arch[xtensa]:realfft.samples[4] = -1
arch[xtensa]:realfft.samples[5] = -0.38268343
arch[xtensa]:realfft.samples[6] = 0.7071068
arch[xtensa]:realfft.samples[7] = 0.9238794
arch[xtensa]:realfft.samples[8] = -0.000000023849761
arch[xtensa]:realfft.samples[9] = -0.9238794
arch[xtensa]:realfft.samples[10] = -0.70710677
arch[xtensa]:realfft.samples[11] = 0.3826839
arch[xtensa]:realfft.samples[12] = 1
arch[xtensa]:realfft.samples[13] = 0.38268384
arch[xtensa]:realfft.samples[14] = -0.7071075
arch[xtensa]:realfft.samples[15] = -0.9238793
arch[xtensa]:realfft.spectrum[0] = 0.00000045298742+0i
arch[xtensa]:realfft.spectrum[1] = -0.0000003114081-0.0000014630167i
arch[xtensa]:realfft.spectrum[2] = -0.00000048746506-0.0000005292105i
arch[xtensa]:realfft.spectrum[3] = 0.00000055391996-0.00000071525574i
arch[xtensa]:realfft.spectrum[4] = 0.00000063180136-0.000000059604645i
arch[xtensa]:realfft.spectrum[5] = 0.00000039975436+8i
arch[xtensa]:realfft.spectrum[6] = 0.00000043976556+0.00000078209166i
arch[xtensa]:realfft.spectrum[7] = -0.0000007018709-0.00000037523193i
arch[xtensa]:realfft.spectrum[8] = -0.000001811989+0i
arch[xtensa]:realfft.amplitudes[0] = 0
arch[xtensa]:realfft.amplitudes[1] = 0
arch[xtensa]:realfft.amplitudes[2] = 0
arch[xtensa]:realfft.amplitudes[3] = 0
arch[xtensa]:realfft.amplitudes[4] = 0
arch[xtensa]:realfft.amplitudes[5] = 8
arch[xtensa]:realfft.amplitudes[6] = 0
arch[xtensa]:realfft.amplitudes[7] = 0
arch[xtensa]:realfft.amplitudes[8] = 0
